0 info it worked if it ends with ok
1 verbose cli [ '/usr/bin/nodejs', '/usr/bin/npm', 'run-script', 'dev' ]
2 info using npm@3.10.10
3 info using node@v6.10.3
4 verbose run-script [ 'predev', 'dev', 'postdev' ]
5 info lifecycle todoapp@0.0.0~predev: todoapp@0.0.0
6 silly lifecycle todoapp@0.0.0~predev: no script for predev, continuing
7 info lifecycle todoapp@0.0.0~dev: todoapp@0.0.0
8 verbose lifecycle todoapp@0.0.0~dev: unsafe-perm in lifecycle true
9 verbose lifecycle todoapp@0.0.0~dev: PATH: /usr/lib/node_modules/npm/bin/node-gyp-bin:/home/zawad/Company_Assignment/toDoApp/node_modules/.bin:/home/zawad/bin:/home/zawad/.local/bin:/usr/local/sbin:/usr/local/bin:/usr/sbin:/usr/bin:/sbin:/bin:/usr/games:/usr/local/games:/snap/bin:/usr/lib/jvm/java-8-oracle/bin:/usr/lib/jvm/java-8-oracle/db/bin:/usr/lib/jvm/java-8-oracle/jre/bin
10 verbose lifecycle todoapp@0.0.0~dev: CWD: /home/zawad/Company_Assignment/toDoApp
11 silly lifecycle todoapp@0.0.0~dev: Args: [ '-c', 'nodemon ./bin/www' ]
12 silly lifecycle todoapp@0.0.0~dev: Returned: code: 1  signal: null
13 info lifecycle todoapp@0.0.0~dev: Failed to exec dev script
14 verbose stack Error: todoapp@0.0.0 dev: `nodemon ./bin/www`
14 verbose stack Exit status 1
14 verbose stack     at EventEmitter.<anonymous> (/usr/lib/node_modules/npm/lib/utils/lifecycle.js:255:16)
14 verbose stack     at emitTwo (events.js:106:13)
14 verbose stack     at EventEmitter.emit (events.js:191:7)
14 verbose stack     at ChildProcess.<anonymous> (/usr/lib/node_modules/npm/lib/utils/spawn.js:40:14)
14 verbose stack     at emitTwo (events.js:106:13)
14 verbose stack     at ChildProcess.emit (events.js:191:7)
14 verbose stack     at maybeClose (internal/child_process.js:886:16)
14 verbose stack     at Process.ChildProcess._handle.onexit (internal/child_process.js:226:5)
15 verbose pkgid todoapp@0.0.0
16 verbose cwd /home/zawad/Company_Assignment/toDoApp
17 error Linux 4.8.0-54-generic
18 error argv "/usr/bin/nodejs" "/usr/bin/npm" "run-script" "dev"
19 error node v6.10.3
20 error npm  v3.10.10
21 error code ELIFECYCLE
22 error todoapp@0.0.0 dev: `nodemon ./bin/www`
22 error Exit status 1
23 error Failed at the todoapp@0.0.0 dev script 'nodemon ./bin/www'.
23 error Make sure you have the latest version of node.js and npm installed.
23 error If you do, this is most likely a problem with the todoapp package,
23 error not with npm itself.
23 error Tell the author that this fails on your system:
23 error     nodemon ./bin/www
23 error You can get information on how to open an issue for this project with:
23 error     npm bugs todoapp
23 error Or if that isn't available, you can get their info via:
23 error     npm owner ls todoapp
23 error There is likely additional logging output above.
24 verbose exit [ 1, true ]
